<?xml version="1.0" encoding="UTF-8"?>
<!-- Generated by org.testng.reporters.JUnitXMLReporter -->
<testsuite hostname="DESKTOP-KP1US9J" ignored="0" name="Test case 2" tests="1" failures="1" timestamp="17 May 2020 17:42:54 GMT" time="0.066" errors="0">
  <testcase name="@AfterTest TearDown" time="0.0" classname="com.qa.main.WebDriverEnd">
    <failure type="java.lang.NullPointerException">
      <![CDATA[java.lang.NullPointerException
	at com.qa.main.WebDriverEnd.TearDown(WebDriverEnd.java:15)
... Removed 23 stack frames]]>
    </failure>
  </testcase> <!-- @AfterTest TearDown -->
  <testcase name="execute" time="0.018" classname="com.qa.main.WebDriverEnd">
    <failure type="java.lang.NullPointerException">
      <![CDATA[java.lang.NullPointerException
	at com.qa.main.WebDriverEnd.execute(WebDriverEnd.java:21)
... Removed 25 stack frames]]>
    </failure>
  </testcase> <!-- execute -->
</testsuite> <!-- Test case 2 -->
