<?xml version="1.0" encoding="UTF-8"?>
<!-- Generated by org.testng.reporters.JUnitXMLReporter -->
<testsuite hostname="DESKTOP-KP1US9J" ignored="0" name="Test5" tests="1" failures="1" timestamp="20 May 2020 11:46:48 GMT" time="12.968" errors="0">
  <testcase name="functionality1" time="12.956" classname="functionalitiesTest.contactUsform">
    <failure type="java.lang.AssertionError" message="expected [Data Submitted Successfully, Routing to home page] but found [Data Submitted Successfully, Routinga to home page]">
      <![CDATA[java.lang.AssertionError: expected [Data Submitted Successfully, Routing to home page] but found [Data Submitted Successfully, Routinga to home page]
	at functionalitiesTest.contactUsform.functionality1(contactUsform.java:38)
... Removed 31 stack frames]]>
    </failure>
  </testcase> <!-- functionality1 -->
</testsuite> <!-- Test5 -->
