<?xml version="1.0" encoding="UTF-8"?>
<!-- Generated by org.testng.reporters.JUnitXMLReporter -->
<testsuite hostname="DESKTOP-KP1US9J" ignored="0" name="Test" tests="1" failures="1" timestamp="17 May 2020 17:44:29 GMT" time="11.235" errors="0">
  <testcase name="@AfterTest TearDown" time="0.0" classname="com.qa.main.WebDriverInitialization">
    <failure type="java.lang.NullPointerException">
      <![CDATA[java.lang.NullPointerException
	at com.qa.main.WebDriverInitialization.TearDown(WebDriverInitialization.java:31)
... Removed 23 stack frames]]>
    </failure>
  </testcase> <!-- @AfterTest TearDown -->
  <testcase name="execute" time="0.035" classname="com.qa.main.WebDriverInitialization">
    <failure type="java.lang.NullPointerException">
      <![CDATA[java.lang.NullPointerException
	at com.qa.main.WebDriverInitialization.execute(WebDriverInitialization.java:37)
... Removed 25 stack frames]]>
    </failure>
  </testcase> <!-- execute -->
</testsuite> <!-- Test -->
