<?xml version="1.0" encoding="UTF-8"?>
<!-- Generated by org.testng.reporters.JUnitXMLReporter -->
<testsuite ignored="0" hostname="DESKTOP-KP1US9J" failures="1" tests="1" name="Testcase2" time="0.008" errors="0" timestamp="10 May 2020 10:51:58 GMT">
  <testcase classname="com.qa.test.Allproducts" name="Allproducts" time="0.002">
    <failure type="java.lang.Error" message="Unresolved compilation problems: 
	driver cannot be resolved to a variable
	driver cannot be resolved to a variable
	driver cannot be resolved
	driver cannot be resolved
	driver cannot be resolved
	driver cannot be resolved
">
      <![CDATA[java.lang.Error: Unresolved compilation problems: 
	driver cannot be resolved to a variable
	driver cannot be resolved to a variable
	driver cannot be resolved
	driver cannot be resolved
	driver cannot be resolved
	driver cannot be resolved

	at com.qa.test.Allproducts.Allproducts(Allproducts.java:28)
... Removed 25 stack frames]]>
    </failure>
  </testcase> <!-- Allproducts -->
</testsuite> <!-- Testcase2 -->
