<?xml version="1.0" encoding="UTF-8"?>
<testng-results skipped="0" failed="0" ignored="0" total="1" passed="1">
  <reporter-output>
  </reporter-output>
  <suite name="Default suite" duration-ms="11192" started-at="2020-05-20T15:05:25Z" finished-at="2020-05-20T15:05:36Z">
    <groups>
    </groups>
    <test name="Default test" duration-ms="11192" started-at="2020-05-20T15:05:25Z" finished-at="2020-05-20T15:05:36Z">
      <class name="functionalitiesTest.contentAbout">
        <test-method status="PASS" signature="functionality3()[pri:0, instance:functionalitiesTest.contentAbout@1a38c59b]" name="functionality3" duration-ms="11162" started-at="2020-05-20T20:35:25Z" finished-at="2020-05-20T20:35:36Z">
          <reporter-output>
          </reporter-output>
        </test-method> <!-- functionality3 -->
      </class> <!-- functionalitiesTest.contentAbout -->
    </test> <!-- Default test -->
  </suite> <!-- Default suite -->
</testng-results>
